SaberGoAR/build/outputs/logs/manifest-merger-debug-report.txt
-- Merging decision tree log ---
manifest
ADDED from src\main\AndroidManifest.xml:2:1-80:12
INJECTED from src\main\AndroidManifest.xml:2:1-80:12
INJECTED from src\main\AndroidManifest.xml:2:1-80:12
INJECTED from src\main\AndroidManifest.xml:2:1-80:12
INJECTED from src\main\AndroidManifest.xml:2:1-80:12
INJECTED from src\main\AndroidManifest.xml:2:1-80:12
INJECTED from src\main\AndroidManifest.xml:2:1-80:12
	package
		ADDED from src\main\AndroidManifest.xml:4:5-46
		INJECTED from src\main\AndroidManifest.xml
		INJECTED from src\main\AndroidManifest.xml
	android:versionName
		ADDED from src\main\AndroidManifest.xml:7:5-30
		INJECTED from src\main\AndroidManifest.xml
		INJECTED from src\main\AndroidManifest.xml
	xmlns:tools
		ADDED from src\main\AndroidManifest.xml:3:5-51
	xmlns:android
		ADDED from src\main\AndroidManifest.xml:2:11-69
	android:versionCode
		ADDED from src\main\AndroidManifest.xml:6:5-28
		INJECTED from src\main\AndroidManifest.xml
		INJECTED from src\main\AndroidManifest.xml
	android:installLocation
		ADDED from src\main\AndroidManifest.xml:5:5-35
uses-feature#android.hardware.camera
ADDED from src\main\AndroidManifest.xml:10:5-60
	android:name
		ADDED from src\main\AndroidManifest.xml:10:19-57
supports-screens
ADDED from src\main\AndroidManifest.xml:11:5-16:40
	android:largeScreens
		ADDED from src\main\AndroidManifest.xml:13:9-36
	android:smallScreens
		ADDED from src\main\AndroidManifest.xml:15:9-36
	android:normalScreens
		ADDED from src\main\AndroidManifest.xml:14:9-37
	android:xlargeScreens
		ADDED from src\main\AndroidManifest.xml:16:9-37
	android:anyDensity
		ADDED from src\main\AndroidManifest.xml:12:9-34
uses-permission#android.permission.INTERNET
ADDED from src\main\AndroidManifest.xml:18:5-67
	android:name
		ADDED from src\main\AndroidManifest.xml:18:22-64
uses-permission#android.permission.CAMERA
ADDED from src\main\AndroidManifest.xml:19:5-65
	android:name
		ADDED from src\main\AndroidManifest.xml:19:22-62
uses-permission#android.permission.ACCESS_NETWORK_STATE
ADDED from src\main\AndroidManifest.xml:20:5-79
	android:name
		ADDED from src\main\AndroidManifest.xml:20:22-76
uses-permission#android.permission.WRITE_EXTERNAL_STORAGE
ADDED from src\main\AndroidManifest.xml:21:5-81
	android:name
		ADDED from src\main\AndroidManifest.xml:21:22-78
application
ADDED from src\main\AndroidManifest.xml:23:5-62:19
	android:label
		ADDED from src\main\AndroidManifest.xml:25:9-41
	android:allowBackup
		ADDED from src\main\AndroidManifest.xml:24:9-35
activity#com.uan.michaelsinner.sabergoar.UnityPlayerActivity
ADDED from src\main\AndroidManifest.xml:26:9-44:20
	android:screenOrientation
		ADDED from src\main\AndroidManifest.xml:32:13-50
	android:process
		ADDED from src\main\AndroidManifest.xml:31:13-44
	android:label
		ADDED from src\main\AndroidManifest.xml:29:13-45
	android:launchMode
		ADDED from src\main\AndroidManifest.xml:30:13-44
	android:configChanges
		ADDED from src\main\AndroidManifest.xml:28:13-186
	android:name
		ADDED from src\main\AndroidManifest.xml:27:13-79
meta-data#unityplayer.UnityActivity
ADDED from src\main\AndroidManifest.xml:38:13-40:40
	android:value
		ADDED from src\main\AndroidManifest.xml:40:17-37
	android:name
		ADDED from src\main\AndroidManifest.xml:39:17-57
meta-data#unityplayer.ForwardNativeEventsToDalvik
ADDED from src\main\AndroidManifest.xml:41:13-43:41
	android:value
		ADDED from src\main\AndroidManifest.xml:43:17-38
	android:name
		ADDED from src\main\AndroidManifest.xml:42:17-71
uses-library#com.ti.s3d
ADDED from src\main\AndroidManifest.xml:53:9-55:40
	android:required
		ADDED from src\main\AndroidManifest.xml:55:13-37
	android:name
		ADDED from src\main\AndroidManifest.xml:54:13-38
uses-library#com.osterhoutgroup.api.ext
ADDED from src\main\AndroidManifest.xml:59:9-61:40
	android:required
		ADDED from src\main\AndroidManifest.xml:61:13-37
	android:name
		ADDED from src\main\AndroidManifest.xml:60:13-54
uses-feature#0x00020000
ADDED from src\main\AndroidManifest.xml:64:5-54
	android:glEsVersion
		ADDED from src\main\AndroidManifest.xml:64:19-51
uses-feature#android.hardware.camera.autofocus
ADDED from src\main\AndroidManifest.xml:65:5-67:36
	android:required
		ADDED from src\main\AndroidManifest.xml:67:9-33
	android:name
		ADDED from src\main\AndroidManifest.xml:66:9-57
uses-feature#android.hardware.camera.front
ADDED from src\main\AndroidManifest.xml:68:5-70:36
	android:required
		ADDED from src\main\AndroidManifest.xml:70:9-33
	android:name
		ADDED from src\main\AndroidManifest.xml:69:9-53
uses-feature#android.hardware.touchscreen
ADDED from src\main\AndroidManifest.xml:71:5-73:36
	android:required
		ADDED from src\main\AndroidManifest.xml:73:9-33
	android:name
		ADDED from src\main\AndroidManifest.xml:72:9-52
uses-feature#android.hardware.touchscreen.multitouch
ADDED from src\main\AndroidManifest.xml:74:5-76:36
	android:required
		ADDED from src\main\AndroidManifest.xml:76:9-33
	android:name
		ADDED from src\main\AndroidManifest.xml:75:9-63
uses-feature#android.hardware.touchscreen.multitouch.distinct
ADDED from src\main\AndroidManifest.xml:77:5-79:36
	android:required
		ADDED from src\main\AndroidManifest.xml:79:9-33
	android:name
		ADDED from src\main\AndroidManifest.xml:78:9-72
uses-sdk
INJECTED from src\main\AndroidManifest.xml reason: use-sdk injection requested
INJECTED from src\main\AndroidManifest.xml
INJECTED from src\main\AndroidManifest.xml
INJECTED from src\main\AndroidManifest.xml
INJECTED from src\main\AndroidManifest.xml
	android:targetSdkVersion
		INJECTED from src\main\AndroidManifest.xml
		ADDED from src\main\AndroidManifest.xml
		INJECTED from src\main\AndroidManifest.xml
	android:minSdkVersion
		INJECTED from src\main\AndroidManifest.xml
		ADDED from src\main\AndroidManifest.xml
		INJECTED from src\main\AndroidManifest.xml